C:\XEClient\bin\sqlplus.exe!12-06-2015 14:34:05.265!select * from tdocum
C:\XEClient\bin\sqlplus.exe!12-06-2015 14:42:22.203!delete from tdocum where id<123
C:\XEClient\bin\sqlplus.exe!12-06-2015 14:42:22.203!delete from tdocum where id<123
C:\XEClient\bin\sqlplus.exe!12-06-2015 14:42:22.203!delete from tdocum where id<123
C:\XEClient\bin\sqlplus.exe!12-06-2015 14:42:22.203!delete from tdocum where id<123
C:\XEClient\bin\sqlplus.exe!12-06-2015 14:42:22.203!delete from tdocum where id<123
C:\XEClient\bin\sqlplus.exe!12-06-2015 14:42:22.203!delete from tdocum where id<123
C:\XEClient\bin\sqlplus.exe!12-06-2015 14:42:22.203!delete from tdocum where id<123
C:\XEClient\bin\sqlplus.exe!12-06-2015 14:42:22.203!delete from tdocum where id<123
C:\XEClient\bin\sqlplus.exe!12-06-2015 14:42:22.203!delete from tdocum where id<123
C:\XEClient\bin\sqlplus.exe!12-06-2015 14:42:22.203!delete from tdocum where id<123
C:\XEClient\bin\sqlplus.exe!12-06-2015 14:42:22.203!delete from tdocum where id<123
C:\XEClient\bin\sqlplus2.exe!12-06-2015 14:42:22.203!delete from tdocum where id<123
C:\XEClient\bin\sqlplus2.exe!12-06-2015 14:42:22.203!delete from tdocum where id<123
C:\XEClient\bin\sqlplus2.exe!12-06-2015 14:42:22.203!delete from tdocum where id<123
C:\XEClient\bin\sqlplus2.exe!12-06-2015 14:42:22.203!delete from tdocum where id<123
C:\XEClient\bin\sqlplus2.exe!12-06-2015 14:42:22.203!delete from tdocum where id<123
C:\XEClient\bin\sqlplus2.exe!12-06-2015 14:42:22.203!delete from tdocum where id<123
C:\XEClient\bin\sqlplus3.exe!12-06-2015 14:42:22.203!delete from tdocum where id<123
C:\XEClient\bin\sqlplus3.exe!12-06-2015 14:42:22.203!delete from tdocum where id<123
C:\XEClient\bin\sqlplus3.exe!12-06-2015 14:42:22.203!delete from tdocum where id<123
C:\XEClient\bin\sqlplus3.exe!12-06-2015 14:42:22.203!delete from tdocum where id<123
C:\XEClient\bin\sqlplus3.exe!12-06-2015 14:42:22.203!delete from tdocum where id<123
C:\XEClient\bin\sqlplus3.exe!12-06-2015 14:42:22.203!delete from tdocum where id<123
C:\XEClient\bin\sqlplus3.exe!12-06-2015 14:42:22.203!delete from tdocum where id<123
C:\XEClient\bin\sqlplus3.exe!12-06-2015 14:42:22.203!delete from tdocum where id<123
C:\XEClient\bin\sqlplus4.exe!12-06-2015 14:42:22.203!delete from tdocum where id<123
C:\XEClient\bin\sqlplus4.exe!12-06-2015 14:42:22.203!delete from tdocum where id<123
C:\XEClient\bin\sqlplus4.exe!12-06-2015 14:42:22.203!delete from tdocum where id<123
C:\XEClient\bin\sqlplus.exe!12-06-2015 14:34:05.265!select * from tdocum
C:\XEClient\bin\sqlplus3.exe!12-06-2015 14:42:22.203!delete from tdocum where id<123
C:\XEClient\bin\sqlplus3.exe!12-06-2015 14:42:22.203!delete from tdocum where id<123
C:\XEClient\bin\sqlplus.exe!12-06-2015 14:42:22.203!delete from tdocum where id<123
C:\XEClient\bin\sqlplus.exe!12-06-2015 14:42:22.203!insert into efq() values();
C:\XEClient\bin\sqlplus.exe!12-06-2015 14:42:22.203!insert into efq() values();
C:\XEClient\bin\sqlplus.exe!12-06-2015 14:42:22.203!insert into efq() values();
C:\XEClient\bin\sqlplus.exe!12-06-2015 14:42:22.203!insert into efq() values();
C:\XEClient\bin\sqlplus4.exe!12-06-2015 14:34:05.265!select * from tdocum
C:\XEClient\bin\sqlplus3.exe!12-06-2015 14:34:05.265!select * from tdocum
C:\XEClient\bin\sqlplus.exe!12-06-2015 14:42:22.203!delete from tdocum where id<123
C:\XEClient\bin\sqlplus.exe!12-06-2015 14:42:22.203!delete from tdocum where id<123
C:\XEClient\bin\sqlplus.exe!12-06-2015 14:42:22.203!delete from tdocum where id<123
C:\XEClient\bin\sqlplus2.exe!12-06-2015 14:42:22.203!delete from tdocum where id<123
C:\XEClient\bin\sqlplus2.exe!12-06-2015 14:42:22.203!delete from tdocum where id<123
C:\XEClient\bin\sqlplus2.exe!12-06-2015 14:42:22.203!delete from tdocum where id<123
C:\XEClient\bin\sqlplus3.exe!12-06-2015 14:34:05.265!select * from tdocum
C:\XEClient\bin\sqlplus.exe!12-06-2015 14:42:22.203!delete from tdocum where id<123
C:\XEClient\bin\sqlplus.exe!12-06-2015 14:42:22.203!delete from tdocum where id<123
C:\XEClient\bin\sqlplus3.exe!12-06-2015 14:42:22.203!delete from tdocum where id<123
C:\XEClient\bin\sqlplus3.exe!12-06-2015 14:42:22.203!delete from tdocum where id<123
C:\XEClient\bin\sqlplus3.exe!12-06-2015 14:42:22.203!delete from tdocum where id<123
C:\XEClient\bin\sqlplus4.exe!12-06-2015 14:42:22.203!delete from tdocum where id<123
C:\XEClient\bin\sqlplus4.exe!12-06-2015 14:42:22.203!delete from tdocum where id<123
C:\XEClient\bin\sqlplus4.exe!12-06-2015 14:42:22.203!delete from tdocum where id<123
C:\XEClient\bin\sqlplus3.exe!12-06-2015 14:42:22.203!delete from tdocum where id<123
C:\XEClient\bin\sqlplus3.exe!12-06-2015 14:42:22.203!delete from tdocum where id<123
C:\XEClient\bin\sqlplus3.exe!12-06-2015 14:42:22.203!delete from tdocum where id<123
C:\XEClient\bin\sqlplus4.exe!12-06-2015 14:42:22.203!delete from tdocum where id<123
C:\XEClient\bin\sqlplus4.exe!12-06-2015 14:42:22.203!delete from tdocum where id<123
C:\XEClient\bin\sqlplus4.exe!12-06-2015 14:42:22.203!delete from tdocum where id<123
C:\XEClient\bin\sqlplus3.exe!12-06-2015 14:42:22.203!delete from tdocum where id<123
C:\XEClient\bin\sqlplus3.exe!12-06-2015 14:42:22.203!delete from tdocum where id<123
C:\XEClient\bin\sqlplus3.exe!12-06-2015 14:42:22.203!delete from tdocum where id<123
C:\XEClient\bin\sqlplus4.exe!12-06-2015 14:42:22.203!delete from tdocum where id<123
C:\XEClient\bin\sqlplus4.exe!12-06-2015 14:42:22.203!delete from tdocum where id<123
C:\XEClient\bin\sqlplus4.exe!12-06-2015 14:42:22.203!delete from tdocum where id<123
C:\XEClient\bin\sqlplus3.exe!12-06-2015 14:42:22.203!delete from tdocum where id<123
C:\XEClient\bin\sqlplus3.exe!12-06-2015 14:42:22.203!delete from tdocum where id<123
C:\XEClient\bin\sqlplus3.exe!12-06-2015 14:42:22.203!delete from tdocum where id<123
C:\XEClient\bin\sqlplus4.exe!12-06-2015 14:42:22.203!delete from tdocum where id<123
C:\XEClient\bin\sqlplus4.exe!12-06-2015 14:42:22.203!delete from tdocum where id<123
C:\XEClient\bin\sqlplus4.exe!12-06-2015 14:42:22.203!delete from tdocum where id<123
C:\XEClient\bin\sqlplus3.exe!12-06-2015 14:42:22.203!delete from tdocum where id<123
C:\XEClient\bin\sqlplus3.exe!12-06-2015 14:42:22.203!delete from tdocum where id<123
C:\XEClient\bin\sqlplus3.exe!12-06-2015 14:42:22.203!delete from tdocum where id<123
C:\XEClient\bin\sqlplus4.exe!12-06-2015 14:42:22.203!delete from tdocum where id<123
C:\XEClient\bin\sqlplus4.exe!12-06-2015 14:42:22.203!delete from tdocum where id<123
C:\XEClient\bin\sqlplus4.exe!12-06-2015 14:42:22.203!delete from tdocum where id<123
C:\XEClient\bin\sqlplus3.exe!12-06-2015 14:42:22.203!delete from tdocum where id<123
C:\XEClient\bin\sqlplus3.exe!12-06-2015 14:42:22.203!delete from tdocum where id<123
C:\XEClient\bin\sqlplus3.exe!12-06-2015 14:42:22.203!delete from tdocum where id<123
C:\XEClient\bin\sqlplus4.exe!12-06-2015 14:42:22.203!delete from tdocum where id<123
C:\XEClient\bin\sqlplus4.exe!12-06-2015 14:42:22.203!delete from tdocum where id<123
C:\XEClient\bin\sqlplus4.exe!12-06-2015 14:42:22.203!delete from tdocum where id<123
C:\XEClient\bin\sqlplus3.exe!12-06-2015 14:42:22.203!delete from tdocum where id<123
C:\XEClient\bin\sqlplus3.exe!12-06-2015 14:42:22.203!delete from tdocum where id<123
C:\XEClient\bin\sqlplus3.exe!12-06-2015 14:42:22.203!delete from tdocum where id<123
C:\XEClient\bin\sqlplus4.exe!12-06-2015 14:42:22.203!delete from tdocum where id<123
C:\XEClient\bin\sqlplus4.exe!12-06-2015 14:42:22.203!delete from tdocum where id<123
C:\XEClient\bin\sqlplus4.exe!12-06-2015 14:42:22.203!delete from tdocum where id<123
C:\XEClient\bin\sqlplus.exe!12-06-2015 14:34:05.265!select * from tdocum
C:\XEClient\bin\sqlplus2.exe!12-06-2015 14:34:05.265!select * from tdocum
C:\XEClient\bin\sqlplus3.exe!12-06-2015 14:34:05.265!select * from tdocum
C:\XEClient\bin\sqlplus4.exe!12-06-2015 14:34:05.265!select * from tdocum
C:\XEClient\bin\sqlplus5.exe!12-06-2015 14:34:05.265!select * from tdocum
